[debug] [2025-02-17T16:59:04.500Z] ----------------------------------------------------------------------
[debug] [2025-02-17T16:59:04.508Z] Command:       C:\Program Files\nodejs\node.exe C:\Users\amanb\AppData\Roaming\npm\node_modules\firebase-tools\lib\bin\firebase.js init
[debug] [2025-02-17T16:59:04.509Z] CLI Version:   13.31.1
[debug] [2025-02-17T16:59:04.510Z] Platform:      win32
[debug] [2025-02-17T16:59:04.510Z] Node Version:  v22.14.0
[debug] [2025-02-17T16:59:04.511Z] Time:          Mon Feb 17 2025 22:29:04 GMT+0530 (India Standard Time)
[debug] [2025-02-17T16:59:04.512Z] ----------------------------------------------------------------------
[debug] 
[debug] [2025-02-17T16:59:05.003Z] > command requires scopes: ["email","openid","https://www.googleapis.com/auth/cloudplatformprojects.readonly","https://www.googleapis.com/auth/firebase","https://www.googleapis.com/auth/cloud-platform"]
[debug] [2025-02-17T16:59:05.004Z] > authorizing via signed-in user (amanbhatt304@gmail.com)
[info] 
     ######## #### ########  ######## ########     ###     ######  ########
     ##        ##  ##     ## ##       ##     ##  ##   ##  ##       ##
     ######    ##  ########  ######   ########  #########  ######  ######
     ##        ##  ##    ##  ##       ##     ## ##     ##       ## ##
     ##       #### ##     ## ######## ########  ##     ##  ######  ########

You're about to initialize a Firebase project in this directory:

  D:\Code\major project\zoom-clone-main

Before we get started, keep in mind:

  * You are initializing within an existing Firebase project directory

